INFO 2025/03/11 21:06:31 Connection with InfluxDB at http://localhost:8086 successfully established
INFO 2025/03/11 21:06:31 Starting application...
INFO 2025/03/11 21:06:31 Searching for directory at C:\MyFiles\Gatling\Project\gatling-taurus-3-8-4-gradle\gatling-gradle-plugin-demo-java\build\reports\gatling
INFO 2025/03/11 21:06:31 Looking for target directory...
INFO 2025/03/11 21:06:31 Target directory found at C:\MyFiles\Gatling\Project\gatling-taurus-3-8-4-gradle\gatling-gradle-plugin-demo-java\build\reports\gatling
INFO 2025/03/11 21:06:31 Searching for results directory...
DEBUG 2025/03/11 21:06:31 Found directory 'C:\MyFiles\Gatling\Project\gatling-taurus-3-8-4-gradle\gatling-gradle-plugin-demo-java\build\reports\gatling\computerdatabasesimulation-20250311203417584' with mod time 2025-03-11 21:34:36.1991786 +0100 CET (start time: 2025-03-11 22:06:16 +0100 CET)
DEBUG 2025/03/11 21:06:31 Found directory 'C:\MyFiles\Gatling\Project\gatling-taurus-3-8-4-gradle\gatling-gradle-plugin-demo-java\build\reports\gatling\computerdatabasesimulation-20250311203852162' with mod time 2025-03-11 21:39:10.8722173 +0100 CET (start time: 2025-03-11 22:06:16 +0100 CET)
DEBUG 2025/03/11 21:06:36 Found directory 'C:\MyFiles\Gatling\Project\gatling-taurus-3-8-4-gradle\gatling-gradle-plugin-demo-java\build\reports\gatling\computerdatabasesimulation-20250311203417584' with mod time 2025-03-11 21:34:36.1991786 +0100 CET (start time: 2025-03-11 22:06:16 +0100 CET)
DEBUG 2025/03/11 21:06:36 Found directory 'C:\MyFiles\Gatling\Project\gatling-taurus-3-8-4-gradle\gatling-gradle-plugin-demo-java\build\reports\gatling\computerdatabasesimulation-20250311203852162' with mod time 2025-03-11 21:39:10.8722173 +0100 CET (start time: 2025-03-11 22:06:16 +0100 CET)
DEBUG 2025/03/11 21:06:41 Found directory 'C:\MyFiles\Gatling\Project\gatling-taurus-3-8-4-gradle\gatling-gradle-plugin-demo-java\build\reports\gatling\computerdatabasesimulation-20250311203417584' with mod time 2025-03-11 21:34:36.1991786 +0100 CET (start time: 2025-03-11 22:06:16 +0100 CET)
DEBUG 2025/03/11 21:06:41 Found directory 'C:\MyFiles\Gatling\Project\gatling-taurus-3-8-4-gradle\gatling-gradle-plugin-demo-java\build\reports\gatling\computerdatabasesimulation-20250311203852162' with mod time 2025-03-11 21:39:10.8722173 +0100 CET (start time: 2025-03-11 22:06:16 +0100 CET)
DEBUG 2025/03/11 21:06:46 Found directory 'C:\MyFiles\Gatling\Project\gatling-taurus-3-8-4-gradle\gatling-gradle-plugin-demo-java\build\reports\gatling\computerdatabasesimulation-20250311203417584' with mod time 2025-03-11 21:34:36.1991786 +0100 CET (start time: 2025-03-11 22:06:16 +0100 CET)
DEBUG 2025/03/11 21:06:46 Found directory 'C:\MyFiles\Gatling\Project\gatling-taurus-3-8-4-gradle\gatling-gradle-plugin-demo-java\build\reports\gatling\computerdatabasesimulation-20250311203852162' with mod time 2025-03-11 21:39:10.8722173 +0100 CET (start time: 2025-03-11 22:06:16 +0100 CET)
DEBUG 2025/03/11 21:06:51 Found directory 'C:\MyFiles\Gatling\Project\gatling-taurus-3-8-4-gradle\gatling-gradle-plugin-demo-java\build\reports\gatling\computerdatabasesimulation-20250311203417584' with mod time 2025-03-11 21:34:36.1991786 +0100 CET (start time: 2025-03-11 22:06:16 +0100 CET)
DEBUG 2025/03/11 21:06:51 Found directory 'C:\MyFiles\Gatling\Project\gatling-taurus-3-8-4-gradle\gatling-gradle-plugin-demo-java\build\reports\gatling\computerdatabasesimulation-20250311203852162' with mod time 2025-03-11 21:39:10.8722173 +0100 CET (start time: 2025-03-11 22:06:16 +0100 CET)
DEBUG 2025/03/11 21:06:56 Found directory 'C:\MyFiles\Gatling\Project\gatling-taurus-3-8-4-gradle\gatling-gradle-plugin-demo-java\build\reports\gatling\computerdatabasesimulation-20250311203417584' with mod time 2025-03-11 21:34:36.1991786 +0100 CET (start time: 2025-03-11 22:06:16 +0100 CET)
DEBUG 2025/03/11 21:06:56 Found directory 'C:\MyFiles\Gatling\Project\gatling-taurus-3-8-4-gradle\gatling-gradle-plugin-demo-java\build\reports\gatling\computerdatabasesimulation-20250311203852162' with mod time 2025-03-11 21:39:10.8722173 +0100 CET (start time: 2025-03-11 22:06:16 +0100 CET)
DEBUG 2025/03/11 21:07:01 Found directory 'C:\MyFiles\Gatling\Project\gatling-taurus-3-8-4-gradle\gatling-gradle-plugin-demo-java\build\reports\gatling\computerdatabasesimulation-20250311203417584' with mod time 2025-03-11 21:34:36.1991786 +0100 CET (start time: 2025-03-11 22:06:16 +0100 CET)
DEBUG 2025/03/11 21:07:01 Found directory 'C:\MyFiles\Gatling\Project\gatling-taurus-3-8-4-gradle\gatling-gradle-plugin-demo-java\build\reports\gatling\computerdatabasesimulation-20250311203852162' with mod time 2025-03-11 21:39:10.8722173 +0100 CET (start time: 2025-03-11 22:06:16 +0100 CET)
DEBUG 2025/03/11 21:07:16 Found directory 'C:\MyFiles\Gatling\Project\gatling-taurus-3-8-4-gradle\gatling-gradle-plugin-demo-java\build\reports\gatling\computerdatabasesimulation-20250311210711122' with mod time 2025-03-11 22:07:12.1777525 +0100 CET (start time: 2025-03-11 22:06:16 +0100 CET)
INFO 2025/03/11 21:07:16 Log directory 'C:\MyFiles\Gatling\Project\gatling-taurus-3-8-4-gradle\gatling-gradle-plugin-demo-java\build\reports\gatling\computerdatabasesimulation-20250311210711122' with mod time 2025-03-11 22:07:12.1777525 +0100 CET is newer than start time minus slack 2025-03-11 22:05:16 +0100 CET
INFO 2025/03/11 21:07:16 Searching for simulation.log file...
INFO 2025/03/11 21:07:16 Found C:\MyFiles\Gatling\Project\gatling-taurus-3-8-4-gradle\gatling-gradle-plugin-demo-java\build\reports\gatling\computerdatabasesimulation-20250311210711122\simulation.log
INFO 2025/03/11 21:07:16 Starting log file parser...
INFO 2025/03/11 21:07:16 Starting consumers for parser results
INFO 2025/03/11 21:08:23 Received signal interrupt. Stopping application...
INFO 2025/03/11 21:08:23 Received signal interrupt. Stopping application...
INFO 2025/03/11 21:08:23 Parser received closing signal. Processing stopped
INFO 2025/03/11 21:08:23 Stopping all points processor...
INFO 2025/03/11 21:09:16 Connection with InfluxDB at http://localhost:8086 successfully established
INFO 2025/03/11 21:09:16 Starting application...
INFO 2025/03/11 21:09:16 Searching for directory at C:\Users\kursh\OneDrive\Desktop\kube\nginx_telegraf\results
INFO 2025/03/11 21:09:16 Looking for target directory...
INFO 2025/03/11 21:09:16 Target directory found at C:\Users\kursh\OneDrive\Desktop\kube\nginx_telegraf\results
INFO 2025/03/11 21:09:16 Searching for results directory...
DEBUG 2025/03/11 21:09:16 Found directory 'C:\Users\kursh\OneDrive\Desktop\kube\nginx_telegraf\results\computerdatabasesimulation-20250307154153778' with mod time 2025-03-11 21:19:09.7300008 +0100 CET (start time: 2025-03-11 22:09:01 +0100 CET)
DEBUG 2025/03/11 21:09:16 Found directory 'C:\Users\kursh\OneDrive\Desktop\kube\nginx_telegraf\results\gatling\computerdatabasesimulation-20250311203417584' with mod time 2025-03-11 21:35:11.3478534 +0100 CET (start time: 2025-03-11 22:09:01 +0100 CET)
DEBUG 2025/03/11 21:09:21 Found directory 'C:\Users\kursh\OneDrive\Desktop\kube\nginx_telegraf\results\computerdatabasesimulation-20250307154153778' with mod time 2025-03-11 21:19:09.7300008 +0100 CET (start time: 2025-03-11 22:09:01 +0100 CET)
DEBUG 2025/03/11 21:09:21 Found directory 'C:\Users\kursh\OneDrive\Desktop\kube\nginx_telegraf\results\gatling\computerdatabasesimulation-20250311203417584' with mod time 2025-03-11 21:35:11.3478534 +0100 CET (start time: 2025-03-11 22:09:01 +0100 CET)
DEBUG 2025/03/11 21:09:26 Found directory 'C:\Users\kursh\OneDrive\Desktop\kube\nginx_telegraf\results\computerdatabasesimulation-20250307154153778' with mod time 2025-03-11 21:19:09.7300008 +0100 CET (start time: 2025-03-11 22:09:01 +0100 CET)
DEBUG 2025/03/11 21:09:26 Found directory 'C:\Users\kursh\OneDrive\Desktop\kube\nginx_telegraf\results\gatling\computerdatabasesimulation-20250311203417584' with mod time 2025-03-11 21:35:11.3478534 +0100 CET (start time: 2025-03-11 22:09:01 +0100 CET)
DEBUG 2025/03/11 21:09:31 Found directory 'C:\Users\kursh\OneDrive\Desktop\kube\nginx_telegraf\results\computerdatabasesimulation-20250307154153778' with mod time 2025-03-11 21:19:09.7300008 +0100 CET (start time: 2025-03-11 22:09:01 +0100 CET)
DEBUG 2025/03/11 21:09:31 Found directory 'C:\Users\kursh\OneDrive\Desktop\kube\nginx_telegraf\results\gatling\computerdatabasesimulation-20250311203417584' with mod time 2025-03-11 21:35:11.3478534 +0100 CET (start time: 2025-03-11 22:09:01 +0100 CET)
DEBUG 2025/03/11 21:09:36 Found directory 'C:\Users\kursh\OneDrive\Desktop\kube\nginx_telegraf\results\computerdatabasesimulation-20250307154153778' with mod time 2025-03-11 21:19:09.7300008 +0100 CET (start time: 2025-03-11 22:09:01 +0100 CET)
DEBUG 2025/03/11 21:09:36 Found directory 'C:\Users\kursh\OneDrive\Desktop\kube\nginx_telegraf\results\gatling\computerdatabasesimulation-20250311203417584' with mod time 2025-03-11 21:35:11.3478534 +0100 CET (start time: 2025-03-11 22:09:01 +0100 CET)
DEBUG 2025/03/11 21:09:41 Found directory 'C:\Users\kursh\OneDrive\Desktop\kube\nginx_telegraf\results\computerdatabasesimulation-20250307154153778' with mod time 2025-03-11 21:19:09.7300008 +0100 CET (start time: 2025-03-11 22:09:01 +0100 CET)
DEBUG 2025/03/11 21:09:41 Found directory 'C:\Users\kursh\OneDrive\Desktop\kube\nginx_telegraf\results\gatling\computerdatabasesimulation-20250311203417584' with mod time 2025-03-11 21:35:11.3478534 +0100 CET (start time: 2025-03-11 22:09:01 +0100 CET)
DEBUG 2025/03/11 21:09:46 Found directory 'C:\Users\kursh\OneDrive\Desktop\kube\nginx_telegraf\results\computerdatabasesimulation-20250307154153778' with mod time 2025-03-11 21:19:09.7300008 +0100 CET (start time: 2025-03-11 22:09:01 +0100 CET)
DEBUG 2025/03/11 21:09:46 Found directory 'C:\Users\kursh\OneDrive\Desktop\kube\nginx_telegraf\results\gatling\computerdatabasesimulation-20250311203417584' with mod time 2025-03-11 21:35:11.3478534 +0100 CET (start time: 2025-03-11 22:09:01 +0100 CET)
DEBUG 2025/03/11 21:09:51 Found directory 'C:\Users\kursh\OneDrive\Desktop\kube\nginx_telegraf\results\computerdatabasesimulation-20250307154153778' with mod time 2025-03-11 21:19:09.7300008 +0100 CET (start time: 2025-03-11 22:09:01 +0100 CET)
DEBUG 2025/03/11 21:09:51 Found directory 'C:\Users\kursh\OneDrive\Desktop\kube\nginx_telegraf\results\gatling\computerdatabasesimulation-20250311203417584' with mod time 2025-03-11 21:35:11.3478534 +0100 CET (start time: 2025-03-11 22:09:01 +0100 CET)
DEBUG 2025/03/11 21:09:56 Found directory 'C:\Users\kursh\OneDrive\Desktop\kube\nginx_telegraf\results\computerdatabasesimulation-20250307154153778' with mod time 2025-03-11 21:19:09.7300008 +0100 CET (start time: 2025-03-11 22:09:01 +0100 CET)
DEBUG 2025/03/11 21:09:56 Found directory 'C:\Users\kursh\OneDrive\Desktop\kube\nginx_telegraf\results\gatling\computerdatabasesimulation-20250311203417584' with mod time 2025-03-11 21:35:11.3478534 +0100 CET (start time: 2025-03-11 22:09:01 +0100 CET)
DEBUG 2025/03/11 21:10:01 Found directory 'C:\Users\kursh\OneDrive\Desktop\kube\nginx_telegraf\results\computerdatabasesimulation-20250307154153778' with mod time 2025-03-11 21:19:09.7300008 +0100 CET (start time: 2025-03-11 22:09:01 +0100 CET)
DEBUG 2025/03/11 21:10:01 Found directory 'C:\Users\kursh\OneDrive\Desktop\kube\nginx_telegraf\results\gatling\computerdatabasesimulation-20250311203417584' with mod time 2025-03-11 21:35:11.3478534 +0100 CET (start time: 2025-03-11 22:09:01 +0100 CET)
DEBUG 2025/03/11 21:10:06 Found directory 'C:\Users\kursh\OneDrive\Desktop\kube\nginx_telegraf\results\computerdatabasesimulation-20250307154153778' with mod time 2025-03-11 21:19:09.7300008 +0100 CET (start time: 2025-03-11 22:09:01 +0100 CET)
DEBUG 2025/03/11 21:10:06 Found directory 'C:\Users\kursh\OneDrive\Desktop\kube\nginx_telegraf\results\gatling\computerdatabasesimulation-20250311203417584' with mod time 2025-03-11 21:35:11.3478534 +0100 CET (start time: 2025-03-11 22:09:01 +0100 CET)
DEBUG 2025/03/11 21:10:11 Found directory 'C:\Users\kursh\OneDrive\Desktop\kube\nginx_telegraf\results\computerdatabasesimulation-20250307154153778' with mod time 2025-03-11 21:19:09.7300008 +0100 CET (start time: 2025-03-11 22:09:01 +0100 CET)
DEBUG 2025/03/11 21:10:11 Found directory 'C:\Users\kursh\OneDrive\Desktop\kube\nginx_telegraf\results\gatling\computerdatabasesimulation-20250311203417584' with mod time 2025-03-11 21:35:11.3478534 +0100 CET (start time: 2025-03-11 22:09:01 +0100 CET)
DEBUG 2025/03/11 21:10:16 Found directory 'C:\Users\kursh\OneDrive\Desktop\kube\nginx_telegraf\results\computerdatabasesimulation-20250307154153778' with mod time 2025-03-11 21:19:09.7300008 +0100 CET (start time: 2025-03-11 22:09:01 +0100 CET)
DEBUG 2025/03/11 21:10:16 Found directory 'C:\Users\kursh\OneDrive\Desktop\kube\nginx_telegraf\results\gatling\computerdatabasesimulation-20250311203417584' with mod time 2025-03-11 21:35:11.3478534 +0100 CET (start time: 2025-03-11 22:09:01 +0100 CET)
DEBUG 2025/03/11 21:10:21 Found directory 'C:\Users\kursh\OneDrive\Desktop\kube\nginx_telegraf\results\computerdatabasesimulation-20250307154153778' with mod time 2025-03-11 21:19:09.7300008 +0100 CET (start time: 2025-03-11 22:09:01 +0100 CET)
DEBUG 2025/03/11 21:10:21 Found directory 'C:\Users\kursh\OneDrive\Desktop\kube\nginx_telegraf\results\gatling\computerdatabasesimulation-20250311203417584' with mod time 2025-03-11 21:35:11.3478534 +0100 CET (start time: 2025-03-11 22:09:01 +0100 CET)
DEBUG 2025/03/11 21:10:26 Found directory 'C:\Users\kursh\OneDrive\Desktop\kube\nginx_telegraf\results\computerdatabasesimulation-20250307154153778' with mod time 2025-03-11 21:19:09.7300008 +0100 CET (start time: 2025-03-11 22:09:01 +0100 CET)
DEBUG 2025/03/11 21:10:26 Found directory 'C:\Users\kursh\OneDrive\Desktop\kube\nginx_telegraf\results\gatling\computerdatabasesimulation-20250311203417584' with mod time 2025-03-11 21:35:11.3478534 +0100 CET (start time: 2025-03-11 22:09:01 +0100 CET)
DEBUG 2025/03/11 21:10:31 Found directory 'C:\Users\kursh\OneDrive\Desktop\kube\nginx_telegraf\results\computerdatabasesimulation-20250307154153778' with mod time 2025-03-11 21:19:09.7300008 +0100 CET (start time: 2025-03-11 22:09:01 +0100 CET)
DEBUG 2025/03/11 21:10:31 Found directory 'C:\Users\kursh\OneDrive\Desktop\kube\nginx_telegraf\results\gatling\computerdatabasesimulation-20250311203417584' with mod time 2025-03-11 21:35:11.3478534 +0100 CET (start time: 2025-03-11 22:09:01 +0100 CET)
DEBUG 2025/03/11 21:10:36 Found directory 'C:\Users\kursh\OneDrive\Desktop\kube\nginx_telegraf\results\computerdatabasesimulation-20250307154153778' with mod time 2025-03-11 21:19:09.7300008 +0100 CET (start time: 2025-03-11 22:09:01 +0100 CET)
DEBUG 2025/03/11 21:10:36 Found directory 'C:\Users\kursh\OneDrive\Desktop\kube\nginx_telegraf\results\gatling\computerdatabasesimulation-20250311203417584' with mod time 2025-03-11 21:35:11.3478534 +0100 CET (start time: 2025-03-11 22:09:01 +0100 CET)
DEBUG 2025/03/11 21:10:41 Found directory 'C:\Users\kursh\OneDrive\Desktop\kube\nginx_telegraf\results\computerdatabasesimulation-20250307154153778' with mod time 2025-03-11 21:19:09.7300008 +0100 CET (start time: 2025-03-11 22:09:01 +0100 CET)
DEBUG 2025/03/11 21:10:41 Found directory 'C:\Users\kursh\OneDrive\Desktop\kube\nginx_telegraf\results\gatling\computerdatabasesimulation-20250311203417584' with mod time 2025-03-11 21:35:11.3478534 +0100 CET (start time: 2025-03-11 22:09:01 +0100 CET)
INFO 2025/03/11 21:10:43 Connection with InfluxDB at http://localhost:8086 successfully established
INFO 2025/03/11 21:10:43 Starting application...
INFO 2025/03/11 21:10:43 Searching for directory at C:\MyFiles\Gatling\Project\gatling-taurus-3-8-4-gradle\gatling-gradle-plugin-demo-java\build\reports\gatling
INFO 2025/03/11 21:10:43 Looking for target directory...
INFO 2025/03/11 21:10:43 Target directory found at C:\MyFiles\Gatling\Project\gatling-taurus-3-8-4-gradle\gatling-gradle-plugin-demo-java\build\reports\gatling
INFO 2025/03/11 21:10:43 Searching for results directory...
DEBUG 2025/03/11 21:10:43 Found directory 'C:\MyFiles\Gatling\Project\gatling-taurus-3-8-4-gradle\gatling-gradle-plugin-demo-java\build\reports\gatling\computerdatabasesimulation-20250311210711122' with mod time 2025-03-11 22:07:29.5408307 +0100 CET (start time: 2025-03-11 22:10:28 +0100 CET)
DEBUG 2025/03/11 21:10:43 Found directory 'C:\MyFiles\Gatling\Project\gatling-taurus-3-8-4-gradle\gatling-gradle-plugin-demo-java\build\reports\gatling\computerdatabasesimulation-20250311210904921' with mod time 2025-03-11 22:09:23.2418834 +0100 CET (start time: 2025-03-11 22:10:28 +0100 CET)
DEBUG 2025/03/11 21:10:43 Found directory 'C:\MyFiles\Gatling\Project\gatling-taurus-3-8-4-gradle\gatling-gradle-plugin-demo-java\build\reports\gatling\computerdatabasesimulation-20250311211023642' with mod time 2025-03-11 22:10:42.3877693 +0100 CET (start time: 2025-03-11 22:10:28 +0100 CET)
INFO 2025/03/11 21:10:43 Log directory 'C:\MyFiles\Gatling\Project\gatling-taurus-3-8-4-gradle\gatling-gradle-plugin-demo-java\build\reports\gatling\computerdatabasesimulation-20250311211023642' with mod time 2025-03-11 22:10:42.3877693 +0100 CET is newer than start time minus slack 2025-03-11 22:09:28 +0100 CET
INFO 2025/03/11 21:10:43 Searching for simulation.log file...
INFO 2025/03/11 21:10:43 Found C:\MyFiles\Gatling\Project\gatling-taurus-3-8-4-gradle\gatling-gradle-plugin-demo-java\build\reports\gatling\computerdatabasesimulation-20250311211023642\simulation.log
INFO 2025/03/11 21:10:43 Starting consumers for parser results
INFO 2025/03/11 21:10:43 Starting log file parser...
DEBUG 2025/03/11 21:10:46 Found directory 'C:\Users\kursh\OneDrive\Desktop\kube\nginx_telegraf\results\computerdatabasesimulation-20250307154153778' with mod time 2025-03-11 21:19:09.7300008 +0100 CET (start time: 2025-03-11 22:09:01 +0100 CET)
DEBUG 2025/03/11 21:10:46 Found directory 'C:\Users\kursh\OneDrive\Desktop\kube\nginx_telegraf\results\gatling\computerdatabasesimulation-20250311203417584' with mod time 2025-03-11 21:35:11.3478534 +0100 CET (start time: 2025-03-11 22:09:01 +0100 CET)
DEBUG 2025/03/11 21:10:48 Successfully written 115 points to DB
DEBUG 2025/03/11 21:10:51 Found directory 'C:\Users\kursh\OneDrive\Desktop\kube\nginx_telegraf\results\computerdatabasesimulation-20250307154153778' with mod time 2025-03-11 21:19:09.7300008 +0100 CET (start time: 2025-03-11 22:09:01 +0100 CET)
DEBUG 2025/03/11 21:10:51 Found directory 'C:\Users\kursh\OneDrive\Desktop\kube\nginx_telegraf\results\gatling\computerdatabasesimulation-20250311203417584' with mod time 2025-03-11 21:35:11.3478534 +0100 CET (start time: 2025-03-11 22:09:01 +0100 CET)
DEBUG 2025/03/11 21:10:56 Found directory 'C:\Users\kursh\OneDrive\Desktop\kube\nginx_telegraf\results\computerdatabasesimulation-20250307154153778' with mod time 2025-03-11 21:19:09.7300008 +0100 CET (start time: 2025-03-11 22:09:01 +0100 CET)
DEBUG 2025/03/11 21:10:56 Found directory 'C:\Users\kursh\OneDrive\Desktop\kube\nginx_telegraf\results\gatling\computerdatabasesimulation-20250311203417584' with mod time 2025-03-11 21:35:11.3478534 +0100 CET (start time: 2025-03-11 22:09:01 +0100 CET)
DEBUG 2025/03/11 21:11:01 Found directory 'C:\Users\kursh\OneDrive\Desktop\kube\nginx_telegraf\results\computerdatabasesimulation-20250307154153778' with mod time 2025-03-11 21:19:09.7300008 +0100 CET (start time: 2025-03-11 22:09:01 +0100 CET)
DEBUG 2025/03/11 21:11:01 Found directory 'C:\Users\kursh\OneDrive\Desktop\kube\nginx_telegraf\results\gatling\computerdatabasesimulation-20250311203417584' with mod time 2025-03-11 21:35:11.3478534 +0100 CET (start time: 2025-03-11 22:09:01 +0100 CET)
DEBUG 2025/03/11 21:11:06 Found directory 'C:\Users\kursh\OneDrive\Desktop\kube\nginx_telegraf\results\computerdatabasesimulation-20250307154153778' with mod time 2025-03-11 21:19:09.7300008 +0100 CET (start time: 2025-03-11 22:09:01 +0100 CET)
DEBUG 2025/03/11 21:11:06 Found directory 'C:\Users\kursh\OneDrive\Desktop\kube\nginx_telegraf\results\gatling\computerdatabasesimulation-20250311203417584' with mod time 2025-03-11 21:35:11.3478534 +0100 CET (start time: 2025-03-11 22:09:01 +0100 CET)
DEBUG 2025/03/11 21:11:11 Found directory 'C:\Users\kursh\OneDrive\Desktop\kube\nginx_telegraf\results\computerdatabasesimulation-20250307154153778' with mod time 2025-03-11 21:19:09.7300008 +0100 CET (start time: 2025-03-11 22:09:01 +0100 CET)
DEBUG 2025/03/11 21:11:11 Found directory 'C:\Users\kursh\OneDrive\Desktop\kube\nginx_telegraf\results\gatling\computerdatabasesimulation-20250311203417584' with mod time 2025-03-11 21:35:11.3478534 +0100 CET (start time: 2025-03-11 22:09:01 +0100 CET)
DEBUG 2025/03/11 21:11:16 Found directory 'C:\Users\kursh\OneDrive\Desktop\kube\nginx_telegraf\results\computerdatabasesimulation-20250307154153778' with mod time 2025-03-11 21:19:09.7300008 +0100 CET (start time: 2025-03-11 22:09:01 +0100 CET)
DEBUG 2025/03/11 21:11:16 Found directory 'C:\Users\kursh\OneDrive\Desktop\kube\nginx_telegraf\results\gatling\computerdatabasesimulation-20250311203417584' with mod time 2025-03-11 21:35:11.3478534 +0100 CET (start time: 2025-03-11 22:09:01 +0100 CET)
DEBUG 2025/03/11 21:11:21 Found directory 'C:\Users\kursh\OneDrive\Desktop\kube\nginx_telegraf\results\computerdatabasesimulation-20250307154153778' with mod time 2025-03-11 21:19:09.7300008 +0100 CET (start time: 2025-03-11 22:09:01 +0100 CET)
DEBUG 2025/03/11 21:11:21 Found directory 'C:\Users\kursh\OneDrive\Desktop\kube\nginx_telegraf\results\gatling\computerdatabasesimulation-20250311203417584' with mod time 2025-03-11 21:35:11.3478534 +0100 CET (start time: 2025-03-11 22:09:01 +0100 CET)
DEBUG 2025/03/11 21:11:26 Found directory 'C:\Users\kursh\OneDrive\Desktop\kube\nginx_telegraf\results\computerdatabasesimulation-20250307154153778' with mod time 2025-03-11 21:19:09.7300008 +0100 CET (start time: 2025-03-11 22:09:01 +0100 CET)
DEBUG 2025/03/11 21:11:26 Found directory 'C:\Users\kursh\OneDrive\Desktop\kube\nginx_telegraf\results\gatling\computerdatabasesimulation-20250311203417584' with mod time 2025-03-11 21:35:11.3478534 +0100 CET (start time: 2025-03-11 22:09:01 +0100 CET)
DEBUG 2025/03/11 21:11:31 Found directory 'C:\Users\kursh\OneDrive\Desktop\kube\nginx_telegraf\results\computerdatabasesimulation-20250307154153778' with mod time 2025-03-11 21:19:09.7300008 +0100 CET (start time: 2025-03-11 22:09:01 +0100 CET)
DEBUG 2025/03/11 21:11:31 Found directory 'C:\Users\kursh\OneDrive\Desktop\kube\nginx_telegraf\results\gatling\computerdatabasesimulation-20250311203417584' with mod time 2025-03-11 21:35:11.3478534 +0100 CET (start time: 2025-03-11 22:09:01 +0100 CET)
DEBUG 2025/03/11 21:11:36 Found directory 'C:\Users\kursh\OneDrive\Desktop\kube\nginx_telegraf\results\computerdatabasesimulation-20250307154153778' with mod time 2025-03-11 21:19:09.7300008 +0100 CET (start time: 2025-03-11 22:09:01 +0100 CET)
DEBUG 2025/03/11 21:11:36 Found directory 'C:\Users\kursh\OneDrive\Desktop\kube\nginx_telegraf\results\gatling\computerdatabasesimulation-20250311203417584' with mod time 2025-03-11 21:35:11.3478534 +0100 CET (start time: 2025-03-11 22:09:01 +0100 CET)
DEBUG 2025/03/11 21:11:41 Found directory 'C:\Users\kursh\OneDrive\Desktop\kube\nginx_telegraf\results\computerdatabasesimulation-20250307154153778' with mod time 2025-03-11 21:19:09.7300008 +0100 CET (start time: 2025-03-11 22:09:01 +0100 CET)
DEBUG 2025/03/11 21:11:41 Found directory 'C:\Users\kursh\OneDrive\Desktop\kube\nginx_telegraf\results\gatling\computerdatabasesimulation-20250311203417584' with mod time 2025-03-11 21:35:11.3478534 +0100 CET (start time: 2025-03-11 22:09:01 +0100 CET)
DEBUG 2025/03/11 21:11:46 Found directory 'C:\Users\kursh\OneDrive\Desktop\kube\nginx_telegraf\results\computerdatabasesimulation-20250307154153778' with mod time 2025-03-11 21:19:09.7300008 +0100 CET (start time: 2025-03-11 22:09:01 +0100 CET)
DEBUG 2025/03/11 21:11:46 Found directory 'C:\Users\kursh\OneDrive\Desktop\kube\nginx_telegraf\results\gatling\computerdatabasesimulation-20250311203417584' with mod time 2025-03-11 21:35:11.3478534 +0100 CET (start time: 2025-03-11 22:09:01 +0100 CET)
DEBUG 2025/03/11 21:11:51 Found directory 'C:\Users\kursh\OneDrive\Desktop\kube\nginx_telegraf\results\computerdatabasesimulation-20250307154153778' with mod time 2025-03-11 21:19:09.7300008 +0100 CET (start time: 2025-03-11 22:09:01 +0100 CET)
DEBUG 2025/03/11 21:11:51 Found directory 'C:\Users\kursh\OneDrive\Desktop\kube\nginx_telegraf\results\gatling\computerdatabasesimulation-20250311203417584' with mod time 2025-03-11 21:35:11.3478534 +0100 CET (start time: 2025-03-11 22:09:01 +0100 CET)
DEBUG 2025/03/11 21:11:56 Found directory 'C:\Users\kursh\OneDrive\Desktop\kube\nginx_telegraf\results\computerdatabasesimulation-20250307154153778' with mod time 2025-03-11 21:19:09.7300008 +0100 CET (start time: 2025-03-11 22:09:01 +0100 CET)
DEBUG 2025/03/11 21:11:56 Found directory 'C:\Users\kursh\OneDrive\Desktop\kube\nginx_telegraf\results\gatling\computerdatabasesimulation-20250311203417584' with mod time 2025-03-11 21:35:11.3478534 +0100 CET (start time: 2025-03-11 22:09:01 +0100 CET)
DEBUG 2025/03/11 21:12:01 Found directory 'C:\Users\kursh\OneDrive\Desktop\kube\nginx_telegraf\results\computerdatabasesimulation-20250307154153778' with mod time 2025-03-11 21:19:09.7300008 +0100 CET (start time: 2025-03-11 22:09:01 +0100 CET)
DEBUG 2025/03/11 21:12:01 Found directory 'C:\Users\kursh\OneDrive\Desktop\kube\nginx_telegraf\results\gatling\computerdatabasesimulation-20250311203417584' with mod time 2025-03-11 21:35:11.3478534 +0100 CET (start time: 2025-03-11 22:09:01 +0100 CET)
DEBUG 2025/03/11 21:12:06 Found directory 'C:\Users\kursh\OneDrive\Desktop\kube\nginx_telegraf\results\computerdatabasesimulation-20250307154153778' with mod time 2025-03-11 21:19:09.7300008 +0100 CET (start time: 2025-03-11 22:09:01 +0100 CET)
DEBUG 2025/03/11 21:12:06 Found directory 'C:\Users\kursh\OneDrive\Desktop\kube\nginx_telegraf\results\gatling\computerdatabasesimulation-20250311203417584' with mod time 2025-03-11 21:35:11.3478534 +0100 CET (start time: 2025-03-11 22:09:01 +0100 CET)
DEBUG 2025/03/11 21:12:11 Found directory 'C:\Users\kursh\OneDrive\Desktop\kube\nginx_telegraf\results\computerdatabasesimulation-20250307154153778' with mod time 2025-03-11 21:19:09.7300008 +0100 CET (start time: 2025-03-11 22:09:01 +0100 CET)
DEBUG 2025/03/11 21:12:11 Found directory 'C:\Users\kursh\OneDrive\Desktop\kube\nginx_telegraf\results\gatling\computerdatabasesimulation-20250311203417584' with mod time 2025-03-11 21:35:11.3478534 +0100 CET (start time: 2025-03-11 22:09:01 +0100 CET)
DEBUG 2025/03/11 21:12:16 Found directory 'C:\Users\kursh\OneDrive\Desktop\kube\nginx_telegraf\results\computerdatabasesimulation-20250307154153778' with mod time 2025-03-11 21:19:09.7300008 +0100 CET (start time: 2025-03-11 22:09:01 +0100 CET)
DEBUG 2025/03/11 21:12:16 Found directory 'C:\Users\kursh\OneDrive\Desktop\kube\nginx_telegraf\results\gatling\computerdatabasesimulation-20250311203417584' with mod time 2025-03-11 21:35:11.3478534 +0100 CET (start time: 2025-03-11 22:09:01 +0100 CET)
DEBUG 2025/03/11 21:12:21 Found directory 'C:\Users\kursh\OneDrive\Desktop\kube\nginx_telegraf\results\computerdatabasesimulation-20250307154153778' with mod time 2025-03-11 21:19:09.7300008 +0100 CET (start time: 2025-03-11 22:09:01 +0100 CET)
DEBUG 2025/03/11 21:12:21 Found directory 'C:\Users\kursh\OneDrive\Desktop\kube\nginx_telegraf\results\gatling\computerdatabasesimulation-20250311203417584' with mod time 2025-03-11 21:35:11.3478534 +0100 CET (start time: 2025-03-11 22:09:01 +0100 CET)
DEBUG 2025/03/11 21:12:26 Found directory 'C:\Users\kursh\OneDrive\Desktop\kube\nginx_telegraf\results\computerdatabasesimulation-20250307154153778' with mod time 2025-03-11 21:19:09.7300008 +0100 CET (start time: 2025-03-11 22:09:01 +0100 CET)
DEBUG 2025/03/11 21:12:26 Found directory 'C:\Users\kursh\OneDrive\Desktop\kube\nginx_telegraf\results\gatling\computerdatabasesimulation-20250311203417584' with mod time 2025-03-11 21:35:11.3478534 +0100 CET (start time: 2025-03-11 22:09:01 +0100 CET)
DEBUG 2025/03/11 21:12:31 Found directory 'C:\Users\kursh\OneDrive\Desktop\kube\nginx_telegraf\results\computerdatabasesimulation-20250307154153778' with mod time 2025-03-11 21:19:09.7300008 +0100 CET (start time: 2025-03-11 22:09:01 +0100 CET)
DEBUG 2025/03/11 21:12:31 Found directory 'C:\Users\kursh\OneDrive\Desktop\kube\nginx_telegraf\results\gatling\computerdatabasesimulation-20250311203417584' with mod time 2025-03-11 21:35:11.3478534 +0100 CET (start time: 2025-03-11 22:09:01 +0100 CET)
DEBUG 2025/03/11 21:12:36 Found directory 'C:\Users\kursh\OneDrive\Desktop\kube\nginx_telegraf\results\computerdatabasesimulation-20250307154153778' with mod time 2025-03-11 21:19:09.7300008 +0100 CET (start time: 2025-03-11 22:09:01 +0100 CET)
DEBUG 2025/03/11 21:12:36 Found directory 'C:\Users\kursh\OneDrive\Desktop\kube\nginx_telegraf\results\gatling\computerdatabasesimulation-20250311203417584' with mod time 2025-03-11 21:35:11.3478534 +0100 CET (start time: 2025-03-11 22:09:01 +0100 CET)
DEBUG 2025/03/11 21:12:41 Found directory 'C:\Users\kursh\OneDrive\Desktop\kube\nginx_telegraf\results\computerdatabasesimulation-20250307154153778' with mod time 2025-03-11 21:19:09.7300008 +0100 CET (start time: 2025-03-11 22:09:01 +0100 CET)
DEBUG 2025/03/11 21:12:41 Found directory 'C:\Users\kursh\OneDrive\Desktop\kube\nginx_telegraf\results\gatling\computerdatabasesimulation-20250311203417584' with mod time 2025-03-11 21:35:11.3478534 +0100 CET (start time: 2025-03-11 22:09:01 +0100 CET)
INFO 2025/03/11 21:12:43 No new lines found for 120 seconds. Stopping application...
INFO 2025/03/11 21:12:43 Stopping all points processor...
DEBUG 2025/03/11 21:12:43 Successfully written 2 points to DB
DEBUG 2025/03/11 21:12:44 Successfully written 1 points to DB
INFO 2025/03/11 21:12:44 Points processor finished
DEBUG 2025/03/11 21:12:46 Found directory 'C:\Users\kursh\OneDrive\Desktop\kube\nginx_telegraf\results\computerdatabasesimulation-20250307154153778' with mod time 2025-03-11 21:19:09.7300008 +0100 CET (start time: 2025-03-11 22:09:01 +0100 CET)
DEBUG 2025/03/11 21:12:46 Found directory 'C:\Users\kursh\OneDrive\Desktop\kube\nginx_telegraf\results\gatling\computerdatabasesimulation-20250311203417584' with mod time 2025-03-11 21:35:11.3478534 +0100 CET (start time: 2025-03-11 22:09:01 +0100 CET)
DEBUG 2025/03/11 21:12:51 Found directory 'C:\Users\kursh\OneDrive\Desktop\kube\nginx_telegraf\results\computerdatabasesimulation-20250307154153778' with mod time 2025-03-11 21:19:09.7300008 +0100 CET (start time: 2025-03-11 22:09:01 +0100 CET)
DEBUG 2025/03/11 21:12:51 Found directory 'C:\Users\kursh\OneDrive\Desktop\kube\nginx_telegraf\results\gatling\computerdatabasesimulation-20250311203417584' with mod time 2025-03-11 21:35:11.3478534 +0100 CET (start time: 2025-03-11 22:09:01 +0100 CET)
DEBUG 2025/03/11 21:12:56 Found directory 'C:\Users\kursh\OneDrive\Desktop\kube\nginx_telegraf\results\computerdatabasesimulation-20250307154153778' with mod time 2025-03-11 21:19:09.7300008 +0100 CET (start time: 2025-03-11 22:09:01 +0100 CET)
DEBUG 2025/03/11 21:12:56 Found directory 'C:\Users\kursh\OneDrive\Desktop\kube\nginx_telegraf\results\gatling\computerdatabasesimulation-20250311203417584' with mod time 2025-03-11 21:35:11.3478534 +0100 CET (start time: 2025-03-11 22:09:01 +0100 CET)
DEBUG 2025/03/11 21:13:01 Found directory 'C:\Users\kursh\OneDrive\Desktop\kube\nginx_telegraf\results\computerdatabasesimulation-20250307154153778' with mod time 2025-03-11 21:19:09.7300008 +0100 CET (start time: 2025-03-11 22:09:01 +0100 CET)
DEBUG 2025/03/11 21:13:01 Found directory 'C:\Users\kursh\OneDrive\Desktop\kube\nginx_telegraf\results\gatling\computerdatabasesimulation-20250311203417584' with mod time 2025-03-11 21:35:11.3478534 +0100 CET (start time: 2025-03-11 22:09:01 +0100 CET)
DEBUG 2025/03/11 21:13:06 Found directory 'C:\Users\kursh\OneDrive\Desktop\kube\nginx_telegraf\results\computerdatabasesimulation-20250307154153778' with mod time 2025-03-11 21:19:09.7300008 +0100 CET (start time: 2025-03-11 22:09:01 +0100 CET)
DEBUG 2025/03/11 21:13:06 Found directory 'C:\Users\kursh\OneDrive\Desktop\kube\nginx_telegraf\results\gatling\computerdatabasesimulation-20250311203417584' with mod time 2025-03-11 21:35:11.3478534 +0100 CET (start time: 2025-03-11 22:09:01 +0100 CET)
DEBUG 2025/03/11 21:13:11 Found directory 'C:\Users\kursh\OneDrive\Desktop\kube\nginx_telegraf\results\computerdatabasesimulation-20250307154153778' with mod time 2025-03-11 21:19:09.7300008 +0100 CET (start time: 2025-03-11 22:09:01 +0100 CET)
DEBUG 2025/03/11 21:13:11 Found directory 'C:\Users\kursh\OneDrive\Desktop\kube\nginx_telegraf\results\computerdatabasesimulation-20250311211307242' with mod time 2025-03-11 22:13:08.3132634 +0100 CET (start time: 2025-03-11 22:09:01 +0100 CET)
INFO 2025/03/11 21:13:11 Log directory 'C:\Users\kursh\OneDrive\Desktop\kube\nginx_telegraf\results\computerdatabasesimulation-20250311211307242' with mod time 2025-03-11 22:13:08.3132634 +0100 CET is newer than start time minus slack 2025-03-11 22:08:01 +0100 CET
INFO 2025/03/11 21:13:11 Searching for simulation.log file...
INFO 2025/03/11 21:13:11 Found C:\Users\kursh\OneDrive\Desktop\kube\nginx_telegraf\results\computerdatabasesimulation-20250311211307242\simulation.log
INFO 2025/03/11 21:13:11 Starting consumers for parser results
INFO 2025/03/11 21:13:11 Starting log file parser...
DEBUG 2025/03/11 21:13:26 Successfully written 106 points to DB
DEBUG 2025/03/11 21:13:31 Successfully written 6 points to DB
INFO 2025/03/11 21:15:26 No new lines found for 120 seconds. Stopping application...
INFO 2025/03/11 21:15:26 Stopping all points processor...
DEBUG 2025/03/11 21:15:26 Successfully written 2 points to DB
DEBUG 2025/03/11 21:15:26 Successfully written 1 points to DB
INFO 2025/03/11 21:15:26 Points processor finished
